2026-03-07 17:45:34,277 - INFO - Pipeline initialised — DB: market_intelligence.db
2026-03-07 17:45:34,278 - INFO - Collecting from database: D:\CMP\Data Science\Labs\Lab 3\src\Integrated Data Pipeline\scripts\library.db
2026-03-07 17:45:34,296 - INFO - Collected 50 valid records from database
2026-03-07 17:45:34,297 - INFO - Collecting from GitHub API: query='books python sports', per_page=20
2026-03-07 17:45:34,572 - INFO - Collected 6 valid records from API
2026-03-07 17:45:34,574 - INFO - Collecting from web: categories=None, resume=False, stop_after=None, max_pages_per_category=5
2026-03-07 17:45:35,291 - INFO - Collected 5 books from http://books.toscrape.com/catalogue/category/books/sports-and-games_17/index.html
2026-03-07 17:45:35,939 - INFO - Collected 11 books from http://books.toscrape.com/catalogue/category/books/travel_2/index.html
2026-03-07 17:45:36,604 - INFO - Collected 20 books from http://books.toscrape.com/catalogue/category/books/mystery_3/index.html
2026-03-07 17:45:37,260 - INFO - Collected 12 books from http://books.toscrape.com/catalogue/category/books/mystery_3/page-2.html
2026-03-07 17:45:37,899 - INFO - Collected 16 books from http://books.toscrape.com/catalogue/category/books/science-fiction_16/index.html
2026-03-07 17:45:38,549 - INFO - Collected 18 books from http://books.toscrape.com/catalogue/category/books/history_32/index.html
2026-03-07 17:45:39,212 - INFO - Collected 20 books from http://books.toscrape.com/catalogue/category/books/childrens_11/index.html
2026-03-07 17:45:39,838 - INFO - Collected 9 books from http://books.toscrape.com/catalogue/category/books/childrens_11/page-2.html
2026-03-07 17:45:40,466 - INFO - Collected 11 books from http://books.toscrape.com/catalogue/category/books/philosophy_7/index.html
2026-03-07 17:45:40,475 - INFO - Total collected from web: 122
2026-03-07 17:45:41,273 - INFO - Using categorical units to plot a list of strings that are all parsable as floats or dates. If these strings should be plotted as numbers, cast to the appropriate data type before plotting.
2026-03-07 17:45:41,278 - INFO - Using categorical units to plot a list of strings that are all parsable as floats or dates. If these strings should be plotted as numbers, cast to the appropriate data type before plotting.
2026-03-07 17:45:41,377 - INFO - Using categorical units to plot a list of strings that are all parsable as floats or dates. If these strings should be plotted as numbers, cast to the appropriate data type before plotting.
2026-03-07 17:45:41,383 - INFO - Using categorical units to plot a list of strings that are all parsable as floats or dates. If these strings should be plotted as numbers, cast to the appropriate data type before plotting.
2026-03-07 17:45:42,989 - INFO - All data exported to exports/
2026-03-07 17:49:13,456 - INFO - Pipeline initialised — DB: market_intelligence.db
2026-03-07 17:49:13,457 - INFO - Collecting from database: D:\CMP\Data Science\Labs\Lab 3\src\Integrated Data Pipeline\scripts\library.db
2026-03-07 17:49:13,471 - INFO - Collected 50 valid records from database
2026-03-07 17:49:13,472 - INFO - Collecting from GitHub API: query='books python sports', per_page=20
2026-03-07 17:49:14,024 - INFO - Collected 6 valid records from API
2026-03-07 17:49:14,025 - INFO - Collecting from web — categories=None, resume=False, stop_after=None, max_pages_per_category=5
2026-03-07 17:49:14,898 - INFO - 'Sports_And_Games' page 1: 5 books collected
2026-03-07 17:49:15,537 - INFO - 'Travel' page 1: 11 books collected
2026-03-07 17:49:16,199 - INFO - 'Mystery' page 1: 20 books collected
2026-03-07 17:49:16,838 - INFO - 'Mystery' page 2: 12 books collected
2026-03-07 17:49:17,487 - INFO - 'Science_Fiction' page 1: 16 books collected
2026-03-07 17:49:18,128 - INFO - 'History' page 1: 18 books collected
2026-03-07 17:49:18,778 - INFO - 'Childrens' page 1: 20 books collected
2026-03-07 17:49:19,292 - INFO - 'Childrens' page 2: 9 books collected
2026-03-07 17:49:19,933 - INFO - 'Philosophy' page 1: 11 books collected
2026-03-07 17:49:19,942 - INFO - Total web records collected: 122
2026-03-07 17:49:19,944 - INFO - Running analysis...
2026-03-07 17:49:19,982 - INFO - Analysis complete.
2026-03-07 17:49:20,028 - INFO - All data exported to 'exports/'
2026-03-07 17:49:20,033 - INFO - Database connection closed.
2026-03-07 17:52:30,546 - INFO - Pipeline initialised — DB: market_intelligence.db
2026-03-07 17:52:30,547 - INFO - Collecting from database: D:\CMP\Data Science\Labs\Lab 3\src\Integrated Data Pipeline\scripts\library.db
2026-03-07 17:52:30,578 - INFO - Collected 50 valid records from database
2026-03-07 17:52:30,617 - INFO - Collecting from GitHub API: query='books python sports', per_page=20
2026-03-07 17:52:31,282 - INFO - Collected 6 valid records from API
2026-03-07 17:52:31,283 - INFO - Collecting from web — categories=None, resume=False, stop_after=None, max_pages_per_category=5
2026-03-07 17:52:32,083 - INFO - 'Sports_And_Games' page 1: 5 books collected
2026-03-07 17:52:32,735 - INFO - 'Travel' page 1: 11 books collected
2026-03-07 17:52:33,421 - INFO - 'Mystery' page 1: 20 books collected
2026-03-07 17:52:34,109 - INFO - 'Mystery' page 2: 12 books collected
2026-03-07 17:52:34,761 - INFO - 'Science_Fiction' page 1: 16 books collected
2026-03-07 17:52:35,402 - INFO - 'History' page 1: 18 books collected
2026-03-07 17:52:36,049 - INFO - 'Childrens' page 1: 20 books collected
2026-03-07 17:52:37,046 - INFO - 'Childrens' page 2: 9 books collected
2026-03-07 17:52:37,953 - INFO - 'Philosophy' page 1: 11 books collected
2026-03-07 17:52:37,971 - INFO - Total web records collected: 122
2026-03-07 17:52:37,974 - INFO - Running analysis...
2026-03-07 17:52:38,046 - INFO - Analysis complete.
2026-03-07 17:52:38,048 - INFO - Database connection closed.
2026-03-07 17:53:14,092 - INFO - Pipeline initialised — DB: market_intelligence.db
2026-03-07 17:53:14,093 - INFO - Collecting from database: D:\CMP\Data Science\Labs\Lab 3\src\Integrated Data Pipeline\scripts\library.db
2026-03-07 17:53:14,109 - INFO - Collected 50 valid records from database
2026-03-07 17:53:14,109 - INFO - Collecting from GitHub API: query='books python sports', per_page=20
2026-03-07 17:53:14,750 - INFO - Collected 6 valid records from API
2026-03-07 17:53:14,796 - INFO - Collecting from web — categories=None, resume=False, stop_after=None, max_pages_per_category=5
2026-03-07 17:53:15,492 - INFO - 'Sports_And_Games' page 1: 5 books collected
2026-03-07 17:53:16,147 - INFO - 'Travel' page 1: 11 books collected
2026-03-07 17:53:16,809 - INFO - 'Mystery' page 1: 20 books collected
2026-03-07 17:53:17,482 - INFO - 'Mystery' page 2: 12 books collected
2026-03-07 17:53:18,179 - INFO - 'Science_Fiction' page 1: 16 books collected
2026-03-07 17:53:18,814 - INFO - 'History' page 1: 18 books collected
2026-03-07 17:53:19,464 - INFO - 'Childrens' page 1: 20 books collected
2026-03-07 17:53:20,093 - INFO - 'Childrens' page 2: 9 books collected
2026-03-07 17:53:20,713 - INFO - 'Philosophy' page 1: 11 books collected
2026-03-07 17:53:20,721 - INFO - Total web records collected: 122
2026-03-07 17:53:20,722 - INFO - Running analysis...
2026-03-07 17:53:20,765 - INFO - Analysis complete.
2026-03-07 17:53:20,767 - INFO - Database connection closed.
2026-03-07 17:56:24,292 - INFO - Pipeline initialised — DB: market_intelligence.db
2026-03-07 17:56:24,293 - INFO - Collecting from database: D:\CMP\Data Science\Labs\Lab 3\src\Integrated Data Pipeline\scripts\library.db
2026-03-07 17:56:24,313 - INFO - Collected 50 valid records from database
2026-03-07 17:56:24,314 - INFO - Collecting from GitHub API: query='books python sports', per_page=20
2026-03-07 17:56:24,895 - INFO - Collected 6 valid records from API
2026-03-07 17:56:24,896 - INFO - Collecting from web — categories=None, resume=False, stop_after=None, max_pages_per_category=5
2026-03-07 17:56:25,789 - INFO - 'Sports_And_Games' page 1: 5 books collected
2026-03-07 17:56:26,513 - INFO - 'Travel' page 1: 11 books collected
2026-03-07 17:56:27,167 - INFO - 'Mystery' page 1: 20 books collected
2026-03-07 17:56:27,795 - INFO - 'Mystery' page 2: 12 books collected
2026-03-07 17:56:28,419 - INFO - 'Science_Fiction' page 1: 16 books collected
2026-03-07 17:56:29,052 - INFO - 'History' page 1: 18 books collected
2026-03-07 17:56:29,693 - INFO - 'Childrens' page 1: 20 books collected
2026-03-07 17:56:30,326 - INFO - 'Childrens' page 2: 9 books collected
2026-03-07 17:56:30,980 - INFO - 'Philosophy' page 1: 11 books collected
2026-03-07 17:56:30,990 - INFO - Total web records collected: 122
2026-03-07 17:56:30,992 - INFO - Running analysis...
2026-03-07 17:56:31,030 - INFO - Analysis complete.
2026-03-07 17:56:31,078 - INFO - All data exported to 'exports/'
2026-03-07 17:56:31,081 - INFO - Database connection closed.
2026-03-07 20:33:17,099 - INFO - Pipeline initialised — DB: market_intelligence.db
2026-03-07 20:33:17,099 - INFO - Collecting from database: D:\CMP\Data Science\Labs\Lab 3\src\Integrated Data Pipeline\scripts\library.db
2026-03-07 20:33:17,114 - INFO - Collected 50 valid records from database
2026-03-07 20:33:17,114 - INFO - Collecting from GitHub API: query='books python sports', per_page=20
2026-03-07 20:33:17,648 - INFO - Collected 6 valid records from API
2026-03-07 20:33:17,649 - INFO - Collecting from web — categories=None, resume=False, stop_after=None, max_pages_per_category=5
2026-03-07 20:33:18,454 - INFO - 'Sports_And_Games' page 1: 5 books collected
2026-03-07 20:33:19,094 - INFO - 'Travel' page 1: 11 books collected
2026-03-07 20:33:19,770 - INFO - 'Mystery' page 1: 20 books collected
2026-03-07 20:33:20,407 - INFO - 'Mystery' page 2: 12 books collected
2026-03-07 20:33:21,050 - INFO - 'Science_Fiction' page 1: 16 books collected
2026-03-07 20:33:21,694 - INFO - 'History' page 1: 18 books collected
2026-03-07 20:33:22,334 - INFO - 'Childrens' page 1: 20 books collected
2026-03-07 20:33:23,024 - INFO - 'Childrens' page 2: 9 books collected
2026-03-07 20:33:23,697 - INFO - 'Philosophy' page 1: 11 books collected
2026-03-07 20:33:23,706 - INFO - Total web records collected: 122
2026-03-07 20:33:23,707 - INFO - Running analysis...
2026-03-07 20:33:23,743 - INFO - Analysis complete.
2026-03-07 20:33:23,745 - INFO - Report generated at analysis.html
2026-03-07 20:33:23,746 - INFO - Database connection closed.
2026-03-07 20:42:00,067 - INFO - Pipeline initialised — DB: market_intelligence.db
2026-03-07 20:42:00,069 - INFO - Collecting from database: D:\CMP\Data Science\Labs\Lab 3\src\Integrated Data Pipeline\scripts\library.db
2026-03-07 20:42:00,088 - INFO - Collected 50 valid records from database
2026-03-07 20:42:00,088 - INFO - Collecting from GitHub API: query='books python sports', per_page=20
2026-03-07 20:42:00,699 - INFO - Collected 6 valid records from API
2026-03-07 20:42:00,700 - INFO - Collecting from web — categories=None, resume=False, stop_after=None, max_pages_per_category=5
2026-03-07 20:42:01,377 - INFO - 'Sports_And_Games' page 1: 5 books collected
2026-03-07 20:42:02,007 - INFO - 'Travel' page 1: 11 books collected
2026-03-07 20:42:02,660 - INFO - 'Mystery' page 1: 20 books collected
2026-03-07 20:42:03,283 - INFO - 'Mystery' page 2: 12 books collected
2026-03-07 20:42:03,926 - INFO - 'Science_Fiction' page 1: 16 books collected
2026-03-07 20:42:04,555 - INFO - 'History' page 1: 18 books collected
2026-03-07 20:42:05,302 - INFO - 'Childrens' page 1: 20 books collected
2026-03-07 20:42:06,754 - INFO - 'Childrens' page 2: 9 books collected
2026-03-07 20:42:07,361 - INFO - 'Philosophy' page 1: 11 books collected
2026-03-07 20:42:07,370 - INFO - Total web records collected: 122
2026-03-07 20:42:07,372 - INFO - Running analysis...
2026-03-07 20:42:07,415 - INFO - Analysis complete.
2026-03-07 20:42:07,418 - INFO - Report generated at analysis.html
2026-03-07 20:42:07,481 - INFO - All data exported to 'exports/'
2026-03-07 20:42:07,484 - INFO - Database connection closed.
2026-03-07 20:52:34,327 - INFO - Pipeline initialised — DB: market_intelligence.db
2026-03-07 20:52:34,327 - INFO - Collecting from database: D:\CMP\Data Science\Labs\Lab 3\src\Integrated Data Pipeline\scripts\library.db
2026-03-07 20:52:34,341 - INFO - Collected 50 valid records from database
2026-03-07 20:52:34,341 - INFO - Collecting from GitHub API: query='books python sports', per_page=20
2026-03-07 20:52:34,945 - INFO - Collected 6 valid records from API
2026-03-07 20:52:34,946 - INFO - Collecting from web — categories=None, resume=False, stop_after=None, max_pages_per_category=5
2026-03-07 20:52:35,814 - INFO - 'Sports_And_Games' page 1: 5 books collected
2026-03-07 20:52:36,448 - INFO - 'Travel' page 1: 11 books collected
2026-03-07 20:52:37,124 - INFO - 'Mystery' page 1: 20 books collected
2026-03-07 20:52:37,853 - INFO - 'Mystery' page 2: 12 books collected
2026-03-07 20:52:38,503 - INFO - 'Science_Fiction' page 1: 16 books collected
2026-03-07 20:52:39,157 - INFO - 'History' page 1: 18 books collected
2026-03-07 20:52:39,807 - INFO - 'Childrens' page 1: 20 books collected
2026-03-07 20:52:40,431 - INFO - 'Childrens' page 2: 9 books collected
2026-03-07 20:52:41,135 - INFO - 'Philosophy' page 1: 11 books collected
2026-03-07 20:52:41,144 - INFO - Total web records collected: 122
2026-03-07 20:52:41,146 - INFO - Running analysis...
2026-03-07 20:52:41,193 - INFO - Analysis complete.
2026-03-07 20:52:41,195 - INFO - Report generated at analysis.html
2026-03-07 20:52:41,242 - INFO - All data exported to 'exports/'
2026-03-07 20:52:41,246 - INFO - Database connection closed.
2026-03-07 20:54:15,338 - INFO - Pipeline initialised — DB: market_intelligence.db
2026-03-07 20:54:15,338 - INFO - Collecting from database: D:\CMP\Data Science\Labs\Lab 3\src\Integrated Data Pipeline\scripts\library.db
2026-03-07 20:54:15,358 - INFO - Collected 50 valid records from database
2026-03-07 20:54:15,359 - INFO - Collecting from GitHub API: query='books python sports', per_page=20
2026-03-07 20:54:15,939 - INFO - Collected 6 valid records from API
2026-03-07 20:54:15,940 - INFO - Collecting from web — categories=None, resume=False, stop_after=None, max_pages_per_category=5
2026-03-07 20:54:16,625 - INFO - 'Sports_And_Games' page 1: 5 books collected
2026-03-07 20:54:17,276 - INFO - 'Travel' page 1: 11 books collected
2026-03-07 20:54:17,924 - INFO - 'Mystery' page 1: 20 books collected
2026-03-07 20:54:18,550 - INFO - 'Mystery' page 2: 12 books collected
2026-03-07 20:54:19,189 - INFO - 'Science_Fiction' page 1: 16 books collected
2026-03-07 20:54:19,833 - INFO - 'History' page 1: 18 books collected
2026-03-07 20:54:20,479 - INFO - 'Childrens' page 1: 20 books collected
2026-03-07 20:54:20,990 - INFO - 'Childrens' page 2: 9 books collected
2026-03-07 20:54:21,617 - INFO - 'Philosophy' page 1: 11 books collected
2026-03-07 20:54:21,627 - INFO - Total web records collected: 122
2026-03-07 20:54:21,630 - INFO - Running analysis...
2026-03-07 20:54:21,687 - INFO - Analysis complete.
2026-03-07 20:54:21,689 - INFO - Report generated at analysis.html
2026-03-07 20:54:21,738 - INFO - All data exported to 'exports/'
2026-03-07 20:54:21,742 - INFO - Database connection closed.
2026-03-07 20:58:48,468 - INFO - Pipeline initialised — DB: market_intelligence.db
2026-03-07 20:58:48,469 - INFO - Collecting from database: D:\CMP\Data Science\Labs\Lab 3\src\Integrated Data Pipeline\scripts\library.db
2026-03-07 20:58:48,488 - INFO - Collected 50 valid records from database
2026-03-07 20:58:48,489 - INFO - Collecting from GitHub API: query='books python sports', per_page=20
2026-03-07 20:58:49,012 - INFO - Collected 6 valid records from API
2026-03-07 20:58:49,013 - INFO - Collecting from web — categories=None, resume=False, stop_after=None, max_pages_per_category=5
2026-03-07 20:58:49,787 - INFO - 'Sports_And_Games' page 1: 5 books collected
2026-03-07 20:58:50,411 - INFO - 'Travel' page 1: 11 books collected
2026-03-07 20:58:51,052 - INFO - 'Mystery' page 1: 20 books collected
2026-03-07 20:58:51,701 - INFO - 'Mystery' page 2: 12 books collected
2026-03-07 20:58:52,350 - INFO - 'Science_Fiction' page 1: 16 books collected
2026-03-07 20:58:53,012 - INFO - 'History' page 1: 18 books collected
2026-03-07 20:58:53,666 - INFO - 'Childrens' page 1: 20 books collected
2026-03-07 20:58:54,143 - INFO - 'Childrens' page 2: 9 books collected
2026-03-07 20:58:54,788 - INFO - 'Philosophy' page 1: 11 books collected
2026-03-07 20:58:54,797 - INFO - Total web records collected: 122
2026-03-07 20:58:54,799 - INFO - Running analysis...
2026-03-07 20:58:54,842 - INFO - Analysis complete.
2026-03-07 20:58:55,546 - INFO - Report generated at analysis.html
2026-03-07 20:58:55,600 - INFO - All data exported to 'exports/'
2026-03-07 20:58:55,603 - INFO - Database connection closed.
2026-03-07 21:06:08,845 - INFO - Pipeline initialised — DB: market_intelligence.db
2026-03-07 21:06:08,846 - INFO - Collecting from database: D:\CMP\Data Science\Labs\Lab 3\src\Integrated Data Pipeline\scripts\library.db
2026-03-07 21:06:08,864 - INFO - Collected 50 valid records from database
2026-03-07 21:06:08,865 - INFO - Collecting from GitHub API: query='books python sports', per_page=20
2026-03-07 21:06:09,442 - INFO - Collected 6 valid records from API
2026-03-07 21:06:09,443 - INFO - Collecting from web — categories=None, resume=False, stop_after=None, max_pages_per_category=5
2026-03-07 21:06:10,192 - INFO - 'Sports_And_Games' page 1: 5 books collected
2026-03-07 21:06:10,817 - INFO - 'Travel' page 1: 11 books collected
2026-03-07 21:06:11,462 - INFO - 'Mystery' page 1: 20 books collected
2026-03-07 21:06:12,129 - INFO - 'Mystery' page 2: 12 books collected
2026-03-07 21:06:12,821 - INFO - 'Science_Fiction' page 1: 16 books collected
2026-03-07 21:06:13,464 - INFO - 'History' page 1: 18 books collected
2026-03-07 21:06:14,142 - INFO - 'Childrens' page 1: 20 books collected
2026-03-07 21:06:14,760 - INFO - 'Childrens' page 2: 9 books collected
2026-03-07 21:06:15,394 - INFO - 'Philosophy' page 1: 11 books collected
2026-03-07 21:06:15,405 - INFO - Total web records collected: 122
2026-03-07 21:06:15,406 - INFO - Running analysis...
2026-03-07 21:06:15,472 - INFO - Analysis complete.
2026-03-07 21:06:15,815 - INFO - Report generated: analysis.html
2026-03-07 21:06:15,867 - INFO - All data exported to 'exports/'
2026-03-07 21:06:15,871 - INFO - Database connection closed.
2026-03-07 21:09:39,192 - INFO - Pipeline initialised — DB: market_intelligence.db
2026-03-07 21:09:39,193 - INFO - Collecting from database: D:\CMP\Data Science\Labs\Lab 3\src\Integrated Data Pipeline\scripts\library.db
2026-03-07 21:09:39,213 - INFO - Collected 50 valid records from database
2026-03-07 21:09:39,214 - INFO - Collecting from GitHub API: query='books python sports', per_page=20
2026-03-07 21:09:39,823 - INFO - Collected 6 valid records from API
2026-03-07 21:09:39,825 - INFO - Collecting from web — categories=None, resume=False, stop_after=None, max_pages_per_category=5
2026-03-07 21:09:40,513 - INFO - 'Sports_And_Games' page 1: 5 books collected
2026-03-07 21:09:41,182 - INFO - 'Travel' page 1: 11 books collected
2026-03-07 21:09:41,880 - INFO - 'Mystery' page 1: 20 books collected
2026-03-07 21:09:42,555 - INFO - 'Mystery' page 2: 12 books collected
2026-03-07 21:09:43,175 - INFO - 'Science_Fiction' page 1: 16 books collected
2026-03-07 21:09:43,800 - INFO - 'History' page 1: 18 books collected
2026-03-07 21:09:44,449 - INFO - 'Childrens' page 1: 20 books collected
2026-03-07 21:09:44,919 - INFO - 'Childrens' page 2: 9 books collected
2026-03-07 21:09:45,563 - INFO - 'Philosophy' page 1: 11 books collected
2026-03-07 21:09:45,573 - INFO - Total web records collected: 122
2026-03-07 21:09:45,575 - INFO - Running analysis...
2026-03-07 21:09:45,659 - INFO - Analysis complete.
2026-03-07 21:09:46,025 - INFO - Report generated at analysis.html
2026-03-07 21:09:46,090 - INFO - All data exported to 'exports/'
2026-03-07 21:09:46,094 - INFO - Database connection closed.
2026-03-07 21:13:46,039 - INFO - Pipeline initialised — DB: market_intelligence.db
2026-03-07 21:13:46,040 - INFO - Collecting from database: D:\CMP\Data Science\Labs\Lab 3\src\Integrated Data Pipeline\scripts\library.db
2026-03-07 21:13:46,061 - INFO - Collected 50 valid records from database
2026-03-07 21:13:46,062 - INFO - Collecting from GitHub API: query='books python sports', per_page=20
2026-03-07 21:13:46,679 - INFO - Collected 6 valid records from API
2026-03-07 21:13:46,680 - INFO - Collecting from web — categories=None, resume=False, stop_after=None, max_pages_per_category=5
2026-03-07 21:13:47,493 - INFO - 'Sports_And_Games' page 1: 5 books collected
2026-03-07 21:13:48,154 - INFO - 'Travel' page 1: 11 books collected
2026-03-07 21:13:48,828 - INFO - 'Mystery' page 1: 20 books collected
2026-03-07 21:13:49,528 - INFO - 'Mystery' page 2: 12 books collected
2026-03-07 21:13:50,275 - INFO - 'Science_Fiction' page 1: 16 books collected
2026-03-07 21:13:50,943 - INFO - 'History' page 1: 18 books collected
2026-03-07 21:13:51,626 - INFO - 'Childrens' page 1: 20 books collected
2026-03-07 21:13:52,262 - INFO - 'Childrens' page 2: 9 books collected
2026-03-07 21:13:52,893 - INFO - 'Philosophy' page 1: 11 books collected
2026-03-07 21:13:52,903 - INFO - Total web records collected: 122
2026-03-07 21:13:52,905 - INFO - Running analysis...
2026-03-07 21:13:52,944 - INFO - Analysis complete.
2026-03-07 21:13:52,946 - INFO - Database connection closed.
2026-03-07 21:14:54,756 - INFO - Pipeline initialised — DB: market_intelligence.db
2026-03-07 21:14:54,825 - INFO - Collecting from database: D:\CMP\Data Science\Labs\Lab 3\src\Integrated Data Pipeline\scripts\library.db
2026-03-07 21:14:54,846 - INFO - Collected 50 valid records from database
2026-03-07 21:14:54,859 - INFO - Collecting from GitHub API: query='books python sports', per_page=20
2026-03-07 21:14:55,427 - INFO - Collected 6 valid records from API
2026-03-07 21:14:55,428 - INFO - Collecting from web — categories=None, resume=False, stop_after=None, max_pages_per_category=5
2026-03-07 21:14:56,097 - INFO - 'Sports_And_Games' page 1: 5 books collected
2026-03-07 21:14:56,739 - INFO - 'Travel' page 1: 11 books collected
2026-03-07 21:14:57,384 - INFO - 'Mystery' page 1: 20 books collected
2026-03-07 21:14:58,003 - INFO - 'Mystery' page 2: 12 books collected
2026-03-07 21:14:58,687 - INFO - 'Science_Fiction' page 1: 16 books collected
2026-03-07 21:14:59,352 - INFO - 'History' page 1: 18 books collected
2026-03-07 21:15:00,027 - INFO - 'Childrens' page 1: 20 books collected
2026-03-07 21:15:00,647 - INFO - 'Childrens' page 2: 9 books collected
2026-03-07 21:15:01,273 - INFO - 'Philosophy' page 1: 11 books collected
2026-03-07 21:15:01,283 - INFO - Total web records collected: 122
2026-03-07 21:15:01,285 - INFO - Running analysis...
2026-03-07 21:15:01,319 - INFO - Analysis complete.
2026-03-07 21:15:01,649 - INFO - Report generated at analysis.html
2026-03-07 21:15:01,707 - INFO - All data exported to 'exports/'
2026-03-07 21:15:01,710 - INFO - Database connection closed.
2026-03-07 21:23:06,710 - INFO - Pipeline initialised — DB: market_intelligence.db
2026-03-07 21:23:06,711 - INFO - Collecting from database: D:\CMP\Data Science\Labs\Lab 3\src\Integrated Data Pipeline\scripts\library.db
2026-03-07 21:23:06,737 - INFO - Collected 50 valid records from database
2026-03-07 21:23:06,738 - INFO - Collecting from GitHub API: query='books python sports', per_page=20
2026-03-07 21:23:07,560 - INFO - Collected 6 valid records from API
2026-03-07 21:23:07,561 - INFO - Collecting from web — categories=None, resume=False, stop_after=None, max_pages_per_category=5
2026-03-07 21:23:08,352 - INFO - 'Sports_And_Games' page 1: 5 books collected
2026-03-07 21:23:09,021 - INFO - 'Travel' page 1: 11 books collected
2026-03-07 21:23:09,669 - INFO - 'Mystery' page 1: 20 books collected
2026-03-07 21:23:10,396 - INFO - 'Mystery' page 2: 12 books collected
2026-03-07 21:23:11,056 - INFO - 'Science_Fiction' page 1: 16 books collected
2026-03-07 21:23:11,683 - INFO - 'History' page 1: 18 books collected
2026-03-07 21:23:12,423 - INFO - 'Childrens' page 1: 20 books collected
2026-03-07 21:23:12,959 - INFO - 'Childrens' page 2: 9 books collected
2026-03-07 21:23:13,607 - INFO - 'Philosophy' page 1: 11 books collected
2026-03-07 21:23:13,619 - INFO - Total web records collected: 122
2026-03-07 21:23:13,622 - INFO - Running analysis...
2026-03-07 21:23:13,672 - INFO - Analysis complete.
2026-03-07 21:23:14,188 - INFO - Report generated at analysis.html
2026-03-07 21:23:14,276 - INFO - All data exported to 'exports/'
2026-03-07 21:23:14,281 - INFO - Database connection closed.
2026-03-07 21:28:52,089 - INFO - Pipeline initialised — DB: market_intelligence.db
2026-03-07 21:28:52,090 - INFO - Collecting from database: D:\CMP\Data Science\Labs\Lab 3\src\Integrated Data Pipeline\scripts\library.db
2026-03-07 21:28:52,109 - INFO - Collected 50 valid records from database
2026-03-07 21:28:52,109 - INFO - Collecting from GitHub API: query='books python sports', per_page=20
2026-03-07 21:28:52,665 - INFO - Collected 6 valid records from API
2026-03-07 21:28:52,666 - INFO - Collecting from web — categories=None, resume=False, stop_after=None, max_pages_per_category=5
2026-03-07 21:28:53,420 - INFO - 'Sports_And_Games' page 1: 5 books collected
2026-03-07 21:28:54,038 - INFO - 'Travel' page 1: 11 books collected
2026-03-07 21:28:54,706 - INFO - 'Mystery' page 1: 20 books collected
2026-03-07 21:28:55,352 - INFO - 'Mystery' page 2: 12 books collected
2026-03-07 21:28:55,984 - INFO - 'Science_Fiction' page 1: 16 books collected
2026-03-07 21:28:56,622 - INFO - 'History' page 1: 18 books collected
2026-03-07 21:28:57,277 - INFO - 'Childrens' page 1: 20 books collected
2026-03-07 21:28:57,903 - INFO - 'Childrens' page 2: 9 books collected
2026-03-07 21:28:58,520 - INFO - 'Philosophy' page 1: 11 books collected
2026-03-07 21:28:58,530 - INFO - Total web records collected: 122
2026-03-07 21:28:58,532 - INFO - Running analysis...
2026-03-07 21:28:58,566 - INFO - Analysis complete.
2026-03-07 21:28:58,876 - INFO - Report generated at analysis.html
2026-03-07 21:28:58,936 - INFO - All data exported to 'exports/'
2026-03-07 21:28:58,941 - INFO - Database connection closed.
2026-03-07 21:30:15,677 - INFO - Pipeline initialised — DB: market_intelligence.db
2026-03-07 21:30:15,678 - INFO - Collecting from database: D:\CMP\Data Science\Labs\Lab 3\src\Integrated Data Pipeline\scripts\library.db
2026-03-07 21:30:15,697 - INFO - Collected 50 valid records from database
2026-03-07 21:30:15,698 - INFO - Collecting from GitHub API: query='books python sports', per_page=20
2026-03-07 21:30:16,233 - INFO - Collected 6 valid records from API
2026-03-07 21:30:16,233 - INFO - Collecting from web — categories=None, resume=False, stop_after=None, max_pages_per_category=5
2026-03-07 21:30:16,912 - INFO - 'Sports_And_Games' page 1: 5 books collected
2026-03-07 21:30:17,573 - INFO - 'Travel' page 1: 11 books collected
2026-03-07 21:30:18,221 - INFO - 'Mystery' page 1: 20 books collected
2026-03-07 21:30:18,835 - INFO - 'Mystery' page 2: 12 books collected
2026-03-07 21:30:19,483 - INFO - 'Science_Fiction' page 1: 16 books collected
2026-03-07 21:30:20,134 - INFO - 'History' page 1: 18 books collected
2026-03-07 21:30:20,771 - INFO - 'Childrens' page 1: 20 books collected
2026-03-07 21:30:21,275 - INFO - 'Childrens' page 2: 9 books collected
2026-03-07 21:30:21,905 - INFO - 'Philosophy' page 1: 11 books collected
2026-03-07 21:30:21,915 - INFO - Total web records collected: 122
2026-03-07 21:30:21,916 - INFO - Running analysis...
2026-03-07 21:30:21,952 - INFO - Analysis complete.
2026-03-07 21:30:22,199 - INFO - Report generated at analysis.html
2026-03-07 21:30:22,259 - INFO - All data exported to 'exports/'
2026-03-07 21:30:22,262 - INFO - Database connection closed.
2026-03-07 21:34:01,728 - INFO - Pipeline initialised — DB: market_intelligence.db
2026-03-07 21:34:01,729 - INFO - Collecting from database: D:\CMP\Data Science\Labs\Lab 3\src\Integrated Data Pipeline\scripts\library.db
2026-03-07 21:34:01,746 - INFO - Collected 50 valid records from database
2026-03-07 21:34:01,746 - INFO - Collecting from GitHub API: query='books python sports', per_page=20
2026-03-07 21:34:02,401 - INFO - Collected 6 valid records from API
2026-03-07 21:34:02,401 - INFO - Collecting from web — categories=None, resume=False, stop_after=None, max_pages_per_category=5
2026-03-07 21:34:03,189 - INFO - 'Sports_And_Games' page 1: 5 books collected
2026-03-07 21:34:03,190 - INFO - Database connection closed.
2026-03-07 21:34:46,626 - INFO - Pipeline initialised — DB: market_intelligence.db
2026-03-07 21:34:46,627 - INFO - Collecting from database: D:\CMP\Data Science\Labs\Lab 3\src\Integrated Data Pipeline\scripts\library.db
2026-03-07 21:34:46,648 - INFO - Collected 50 valid records from database
2026-03-07 21:34:46,649 - INFO - Collecting from GitHub API: query='books python sports', per_page=20
2026-03-07 21:34:47,313 - INFO - Collected 6 valid records from API
2026-03-07 21:34:47,314 - INFO - Collecting from web — categories=None, resume=False, stop_after=None, max_pages_per_category=5
2026-03-07 21:34:47,995 - INFO - 'Sports_And_Games' page 1: 5 books collected
2026-03-07 21:34:48,683 - INFO - 'Travel' page 1: 11 books collected
2026-03-07 21:34:49,314 - INFO - 'Mystery' page 1: 20 books collected
2026-03-07 21:34:50,009 - INFO - 'Mystery' page 2: 12 books collected
2026-03-07 21:34:50,668 - INFO - 'Science_Fiction' page 1: 16 books collected
2026-03-07 21:34:51,299 - INFO - 'History' page 1: 18 books collected
2026-03-07 21:34:51,960 - INFO - 'Childrens' page 1: 20 books collected
2026-03-07 21:34:52,596 - INFO - 'Childrens' page 2: 9 books collected
2026-03-07 21:34:53,228 - INFO - 'Philosophy' page 1: 11 books collected
2026-03-07 21:34:53,240 - INFO - Total web records collected: 122
2026-03-07 21:34:53,243 - INFO - Running analysis...
2026-03-07 21:34:53,282 - INFO - Analysis complete.
2026-03-07 21:34:53,550 - INFO - Report generated at analysis.html
2026-03-07 21:34:53,610 - INFO - All data exported to 'exports/'
2026-03-07 21:34:53,613 - INFO - Database connection closed.
2026-03-07 21:35:08,242 - INFO - Pipeline initialised — DB: market_intelligence.db
2026-03-07 21:35:08,244 - INFO - Collecting from database: D:\CMP\Data Science\Labs\Lab 3\src\Integrated Data Pipeline\scripts\library.db
2026-03-07 21:35:08,260 - INFO - Collected 50 valid records from database
2026-03-07 21:35:08,261 - INFO - Collecting from GitHub API: query='books python sports', per_page=20
2026-03-07 21:35:08,516 - INFO - Collected 6 valid records from API
2026-03-07 21:35:08,517 - INFO - Collecting from web — categories=None, resume=False, stop_after=None, max_pages_per_category=5
2026-03-07 21:35:09,195 - INFO - 'Sports_And_Games' page 1: 5 books collected
2026-03-07 21:35:09,850 - INFO - 'Travel' page 1: 11 books collected
2026-03-07 21:35:10,489 - INFO - 'Mystery' page 1: 20 books collected
2026-03-07 21:35:11,135 - INFO - 'Mystery' page 2: 12 books collected
2026-03-07 21:35:11,777 - INFO - 'Science_Fiction' page 1: 16 books collected
2026-03-07 21:35:12,417 - INFO - 'History' page 1: 18 books collected
2026-03-07 21:35:13,052 - INFO - 'Childrens' page 1: 20 books collected
2026-03-07 21:35:13,681 - INFO - 'Childrens' page 2: 9 books collected
2026-03-07 21:35:14,308 - INFO - 'Philosophy' page 1: 11 books collected
2026-03-07 21:35:14,320 - INFO - Total web records collected: 122
2026-03-07 21:35:14,321 - INFO - Running analysis...
2026-03-07 21:35:14,357 - INFO - Analysis complete.
2026-03-07 21:35:14,596 - INFO - Report generated at analysis.html
2026-03-07 21:35:14,657 - INFO - All data exported to 'exports/'
2026-03-07 21:35:14,660 - INFO - Database connection closed.
2026-03-07 21:38:13,318 - INFO - Pipeline initialised — DB: market_intelligence.db
2026-03-07 21:38:13,319 - INFO - Collecting from database: D:\CMP\Data Science\Labs\Lab 3\src\Integrated Data Pipeline\scripts\library.db
2026-03-07 21:38:13,338 - INFO - Collected 50 valid records from database
2026-03-07 21:38:13,339 - INFO - Collecting from GitHub API: query='books python sports', per_page=20
2026-03-07 21:38:13,862 - INFO - Collected 6 valid records from API
2026-03-07 21:38:13,863 - INFO - Collecting from web — categories=None, resume=False, stop_after=None, max_pages_per_category=5
2026-03-07 21:38:14,508 - INFO - 'Sports_And_Games' page 1: 5 books collected
2026-03-07 21:38:15,191 - INFO - 'Travel' page 1: 11 books collected
2026-03-07 21:38:15,910 - INFO - 'Mystery' page 1: 20 books collected
2026-03-07 21:38:16,589 - INFO - 'Mystery' page 2: 12 books collected
2026-03-07 21:38:17,236 - INFO - 'Science_Fiction' page 1: 16 books collected
2026-03-07 21:38:17,883 - INFO - 'History' page 1: 18 books collected
2026-03-07 21:38:18,563 - INFO - 'Childrens' page 1: 20 books collected
2026-03-07 21:38:19,206 - INFO - 'Childrens' page 2: 9 books collected
2026-03-07 21:38:19,847 - INFO - 'Philosophy' page 1: 11 books collected
2026-03-07 21:38:19,859 - INFO - Total web records collected: 122
2026-03-07 21:38:19,860 - INFO - Running analysis...
2026-03-07 21:38:19,896 - INFO - Analysis complete.
2026-03-07 21:38:20,137 - INFO - Report generated at analysis.html
2026-03-07 21:38:20,200 - INFO - All data exported to 'exports/'
2026-03-07 21:38:20,203 - INFO - Database connection closed.
2026-03-07 21:39:56,025 - INFO - Pipeline initialised — DB: market_intelligence.db
2026-03-07 21:39:56,026 - INFO - Collecting from database: D:\CMP\Data Science\Labs\Lab 3\src\Integrated Data Pipeline\scripts\library.db
2026-03-07 21:39:56,046 - INFO - Collected 50 valid records from database
2026-03-07 21:39:56,046 - INFO - Collecting from GitHub API: query='books python sports', per_page=20
2026-03-07 21:39:56,564 - INFO - Collected 6 valid records from API
2026-03-07 21:39:56,565 - INFO - Collecting from web — categories=None, resume=False, stop_after=None, max_pages_per_category=5
2026-03-07 21:39:57,336 - INFO - 'Sports_And_Games' page 1: 5 books collected
2026-03-07 21:39:57,969 - INFO - 'Travel' page 1: 11 books collected
2026-03-07 21:39:58,596 - INFO - 'Mystery' page 1: 20 books collected
2026-03-07 21:39:59,224 - INFO - 'Mystery' page 2: 12 books collected
2026-03-07 21:39:59,877 - INFO - 'Science_Fiction' page 1: 16 books collected
2026-03-07 21:40:00,511 - INFO - 'History' page 1: 18 books collected
2026-03-07 21:40:01,207 - INFO - 'Childrens' page 1: 20 books collected
2026-03-07 21:40:01,708 - INFO - 'Childrens' page 2: 9 books collected
2026-03-07 21:40:02,338 - INFO - 'Philosophy' page 1: 11 books collected
2026-03-07 21:40:02,351 - INFO - Total web records collected: 122
2026-03-07 21:40:02,354 - INFO - Running analysis...
2026-03-07 21:40:02,395 - INFO - Analysis complete.
2026-03-07 21:40:02,663 - INFO - Report generated at analysis.html
2026-03-07 21:40:02,772 - INFO - All data exported to 'exports/'
2026-03-07 21:40:02,798 - INFO - Database connection closed.
2026-03-07 21:43:01,123 - INFO - Pipeline initialised — DB: market_intelligence.db
2026-03-07 21:43:01,124 - INFO - Collecting from database: D:\CMP\Data Science\Labs\Lab 3\src\Integrated Data Pipeline\scripts\library.db
2026-03-07 21:43:01,141 - INFO - Collected 50 valid records from database
2026-03-07 21:43:01,142 - INFO - Collecting from GitHub API: query='books python sports', per_page=20
2026-03-07 21:43:01,702 - INFO - Collected 6 valid records from API
2026-03-07 21:43:01,703 - INFO - Collecting from web — categories=None, resume=False, stop_after=None, max_pages_per_category=5
2026-03-07 21:43:02,428 - INFO - 'Sports_And_Games' page 1: 5 books collected
2026-03-07 21:43:03,063 - INFO - 'Travel' page 1: 11 books collected
2026-03-07 21:43:03,713 - INFO - 'Mystery' page 1: 20 books collected
2026-03-07 21:43:04,350 - INFO - 'Mystery' page 2: 12 books collected
2026-03-07 21:43:04,993 - INFO - 'Science_Fiction' page 1: 16 books collected
2026-03-07 21:43:05,669 - INFO - 'History' page 1: 18 books collected
2026-03-07 21:43:06,354 - INFO - 'Childrens' page 1: 20 books collected
2026-03-07 21:43:06,993 - INFO - 'Childrens' page 2: 9 books collected
2026-03-07 21:43:07,629 - INFO - 'Philosophy' page 1: 11 books collected
2026-03-07 21:43:07,638 - INFO - Total web records collected: 122
2026-03-07 21:43:07,640 - INFO - Running analysis...
2026-03-07 21:43:07,674 - INFO - Analysis complete.
2026-03-07 21:43:07,916 - INFO - Report generated at analysis.html
2026-03-07 21:43:07,977 - INFO - All data exported to 'exports/'
2026-03-07 21:43:07,980 - INFO - Database connection closed.
2026-03-07 21:43:37,682 - INFO - Pipeline initialised — DB: market_intelligence.db
2026-03-07 21:43:37,683 - INFO - Collecting from database: D:\CMP\Data Science\Labs\Lab 3\src\Integrated Data Pipeline\scripts\library.db
2026-03-07 21:43:37,700 - INFO - Collected 50 valid records from database
2026-03-07 21:43:37,701 - INFO - Collecting from GitHub API: query='books python sports', per_page=20
2026-03-07 21:43:38,005 - INFO - Collected 6 valid records from API
2026-03-07 21:43:38,006 - INFO - Collecting from web — categories=None, resume=False, stop_after=None, max_pages_per_category=5
2026-03-07 21:43:38,691 - INFO - 'Sports_And_Games' page 1: 5 books collected
2026-03-07 21:43:39,340 - INFO - 'Travel' page 1: 11 books collected
2026-03-07 21:43:39,981 - INFO - 'Mystery' page 1: 20 books collected
2026-03-07 21:43:40,618 - INFO - 'Mystery' page 2: 12 books collected
2026-03-07 21:43:41,267 - INFO - 'Science_Fiction' page 1: 16 books collected
2026-03-07 21:43:41,885 - INFO - 'History' page 1: 18 books collected
2026-03-07 21:43:42,539 - INFO - 'Childrens' page 1: 20 books collected
2026-03-07 21:43:43,206 - INFO - 'Childrens' page 2: 9 books collected
2026-03-07 21:43:43,905 - INFO - 'Philosophy' page 1: 11 books collected
2026-03-07 21:43:43,914 - INFO - Total web records collected: 122
2026-03-07 21:43:43,916 - INFO - Running analysis...
2026-03-07 21:43:43,955 - INFO - Analysis complete.
2026-03-07 21:43:44,225 - INFO - Report generated at analysis.html
2026-03-07 21:43:44,294 - INFO - All data exported to 'exports/'
2026-03-07 21:43:44,297 - INFO - Database connection closed.
2026-03-07 21:47:09,431 - INFO - Pipeline initialised — DB: market_intelligence.db
2026-03-07 21:47:09,432 - INFO - Collecting from database: D:\CMP\Data Science\Labs\Lab 3\src\Integrated Data Pipeline\scripts\library.db
2026-03-07 21:47:09,449 - INFO - Collected 50 valid records from database
2026-03-07 21:47:09,450 - INFO - Collecting from GitHub API: query='books python sports', per_page=20
2026-03-07 21:47:10,025 - INFO - Collected 6 valid records from API
2026-03-07 21:47:10,026 - INFO - Collecting from web — categories=None, resume=False, stop_after=None, max_pages_per_category=5
2026-03-07 21:47:10,810 - INFO - 'Sports_And_Games' page 1: 5 books collected
2026-03-07 21:47:11,445 - INFO - 'Travel' page 1: 11 books collected
2026-03-07 21:47:12,139 - INFO - 'Mystery' page 1: 20 books collected
2026-03-07 21:47:12,832 - INFO - 'Mystery' page 2: 12 books collected
2026-03-07 21:47:13,531 - INFO - 'Science_Fiction' page 1: 16 books collected
2026-03-07 21:47:14,265 - INFO - 'History' page 1: 18 books collected
2026-03-07 21:47:14,898 - INFO - 'Childrens' page 1: 20 books collected
2026-03-07 21:47:15,541 - INFO - 'Childrens' page 2: 9 books collected
2026-03-07 21:47:16,235 - INFO - 'Philosophy' page 1: 11 books collected
2026-03-07 21:47:16,244 - INFO - Total web records collected: 122
2026-03-07 21:47:16,246 - INFO - Running analysis...
2026-03-07 21:47:16,255 - INFO - Analysis complete.
2026-03-07 21:47:16,474 - INFO - Report generated at analysis.html
2026-03-07 21:47:16,493 - INFO - All data exported to 'exports/'
2026-03-07 21:47:16,496 - INFO - Database connection closed.
2026-03-07 21:48:50,260 - INFO - Pipeline initialised — DB: market_intelligence.db
2026-03-07 21:48:50,261 - INFO - Collecting from database: D:\CMP\Data Science\Labs\Lab 3\src\Integrated Data Pipeline\scripts\library.db
2026-03-07 21:48:50,277 - INFO - Collected 50 valid records from database
2026-03-07 21:48:50,278 - INFO - Collecting from GitHub API: query='books python sports', per_page=20
2026-03-07 21:48:50,985 - INFO - Collected 6 valid records from API
2026-03-07 21:48:50,986 - INFO - Collecting from web — categories=None, resume=False, stop_after=None, max_pages_per_category=5
2026-03-07 21:48:51,652 - INFO - 'Sports_And_Games' page 1: 5 books collected
2026-03-07 21:48:52,341 - INFO - 'Travel' page 1: 11 books collected
2026-03-07 21:48:52,991 - INFO - 'Mystery' page 1: 20 books collected
2026-03-07 21:48:53,630 - INFO - 'Mystery' page 2: 12 books collected
2026-03-07 21:48:54,272 - INFO - 'Science_Fiction' page 1: 16 books collected
2026-03-07 21:48:54,927 - INFO - 'History' page 1: 18 books collected
2026-03-07 21:48:55,582 - INFO - 'Childrens' page 1: 20 books collected
2026-03-07 21:48:56,229 - INFO - 'Childrens' page 2: 9 books collected
2026-03-07 21:48:56,849 - INFO - 'Philosophy' page 1: 11 books collected
2026-03-07 21:48:56,859 - INFO - Total web records collected: 122
2026-03-07 21:48:56,862 - INFO - Running analysis...
2026-03-07 21:48:56,874 - INFO - Analysis complete.
2026-03-07 21:48:57,095 - INFO - Report generated at analysis.html
2026-03-07 21:48:57,113 - INFO - All data exported to 'exports/'
2026-03-07 21:48:57,115 - INFO - Database connection closed.
2026-03-07 21:54:04,966 - INFO - Pipeline initialised — DB: market_intelligence.db
2026-03-07 21:54:04,967 - INFO - Collecting from database: D:\CMP\Data Science\Labs\Lab 3\src\Integrated Data Pipeline\scripts\library.db
2026-03-07 21:54:04,984 - INFO - Collected 50 valid records from database
2026-03-07 21:54:04,985 - INFO - Collecting from GitHub API: query='books python sports', per_page=20
2026-03-07 21:54:05,553 - INFO - Collected 6 valid records from API
2026-03-07 21:54:05,554 - INFO - Collecting from web — categories=None, resume=False, stop_after=None, max_pages_per_category=5
2026-03-07 21:54:06,309 - INFO - 'Sports_And_Games' page 1: 5 books collected
2026-03-07 21:54:06,948 - INFO - 'Travel' page 1: 11 books collected
2026-03-07 21:54:07,582 - INFO - 'Mystery' page 1: 20 books collected
2026-03-07 21:54:08,206 - INFO - 'Mystery' page 2: 12 books collected
2026-03-07 21:54:08,887 - INFO - 'Science_Fiction' page 1: 16 books collected
2026-03-07 21:54:09,516 - INFO - 'History' page 1: 18 books collected
2026-03-07 21:54:10,136 - INFO - 'Childrens' page 1: 20 books collected
2026-03-07 21:54:10,813 - INFO - 'Childrens' page 2: 9 books collected
2026-03-07 21:54:11,485 - INFO - 'Philosophy' page 1: 11 books collected
2026-03-07 21:54:11,504 - INFO - Total web records collected: 122
2026-03-07 21:54:11,508 - INFO - Running analysis...
2026-03-07 21:54:11,529 - INFO - Analysis complete.
2026-03-07 21:54:11,718 - INFO - Database connection closed.
2026-03-07 21:54:39,813 - INFO - Pipeline initialised — DB: market_intelligence.db
2026-03-07 21:54:39,814 - INFO - Collecting from database: D:\CMP\Data Science\Labs\Lab 3\src\Integrated Data Pipeline\scripts\library.db
2026-03-07 21:54:39,832 - INFO - Collected 50 valid records from database
2026-03-07 21:54:39,833 - INFO - Collecting from GitHub API: query='books python sports', per_page=20
2026-03-07 21:54:40,095 - INFO - Collected 6 valid records from API
2026-03-07 21:54:40,095 - INFO - Collecting from web — categories=None, resume=False, stop_after=None, max_pages_per_category=5
2026-03-07 21:54:40,794 - INFO - 'Sports_And_Games' page 1: 5 books collected
2026-03-07 21:54:41,429 - INFO - 'Travel' page 1: 11 books collected
2026-03-07 21:54:42,058 - INFO - 'Mystery' page 1: 20 books collected
2026-03-07 21:54:42,688 - INFO - 'Mystery' page 2: 12 books collected
2026-03-07 21:54:43,332 - INFO - 'Science_Fiction' page 1: 16 books collected
2026-03-07 21:54:43,991 - INFO - Database connection closed.
2026-03-07 21:54:57,496 - INFO - Pipeline initialised — DB: market_intelligence.db
2026-03-07 21:54:57,497 - INFO - Collecting from database: D:\CMP\Data Science\Labs\Lab 3\src\Integrated Data Pipeline\scripts\library.db
2026-03-07 21:54:57,514 - INFO - Collected 50 valid records from database
2026-03-07 21:54:57,515 - INFO - Collecting from GitHub API: query='books python sports', per_page=20
2026-03-07 21:54:57,755 - INFO - Collected 6 valid records from API
2026-03-07 21:54:57,756 - INFO - Collecting from web — categories=None, resume=False, stop_after=None, max_pages_per_category=5
2026-03-07 21:54:58,467 - INFO - 'Sports_And_Games' page 1: 5 books collected
2026-03-07 21:54:59,094 - INFO - 'Travel' page 1: 11 books collected
2026-03-07 21:54:59,740 - INFO - 'Mystery' page 1: 20 books collected
2026-03-07 21:55:00,393 - INFO - 'Mystery' page 2: 12 books collected
2026-03-07 21:55:01,016 - INFO - 'Science_Fiction' page 1: 16 books collected
2026-03-07 21:55:01,636 - INFO - 'History' page 1: 18 books collected
2026-03-07 21:55:02,286 - INFO - 'Childrens' page 1: 20 books collected
2026-03-07 21:55:02,767 - INFO - 'Childrens' page 2: 9 books collected
2026-03-07 21:55:03,384 - INFO - 'Philosophy' page 1: 11 books collected
2026-03-07 21:55:03,394 - INFO - Total web records collected: 122
2026-03-07 21:55:03,396 - INFO - Running analysis...
2026-03-07 21:55:03,407 - INFO - Analysis complete.
2026-03-07 21:55:03,585 - INFO - Database connection closed.
2026-03-07 21:58:01,580 - INFO - Pipeline initialised — DB: market_intelligence.db
2026-03-07 21:58:01,662 - INFO - Collecting from database: D:\CMP\Data Science\Labs\Lab 3\src\Integrated Data Pipeline\scripts\library.db
2026-03-07 21:58:01,710 - INFO - Collected 50 valid records from database
2026-03-07 21:58:01,729 - INFO - Collecting from GitHub API: query='books python sports', per_page=20
2026-03-07 21:58:02,257 - INFO - Collected 6 valid records from API
2026-03-07 21:58:02,257 - INFO - Collecting from web — categories=None, resume=False, stop_after=None, max_pages_per_category=5
2026-03-07 21:58:02,924 - INFO - 'Sports_And_Games' page 1: 5 books collected
2026-03-07 21:58:03,573 - INFO - 'Travel' page 1: 11 books collected
2026-03-07 21:58:04,263 - INFO - 'Mystery' page 1: 20 books collected
2026-03-07 21:58:04,955 - INFO - 'Mystery' page 2: 12 books collected
2026-03-07 21:58:05,614 - INFO - 'Science_Fiction' page 1: 16 books collected
2026-03-07 21:58:06,268 - INFO - 'History' page 1: 18 books collected
2026-03-07 21:58:06,900 - INFO - 'Childrens' page 1: 20 books collected
2026-03-07 21:58:07,398 - INFO - 'Childrens' page 2: 9 books collected
2026-03-07 21:58:08,004 - INFO - 'Philosophy' page 1: 11 books collected
2026-03-07 21:58:08,014 - INFO - Total web records collected: 122
2026-03-07 21:58:08,017 - INFO - Running analysis...
2026-03-07 21:58:08,027 - INFO - Analysis complete.
2026-03-07 21:58:08,422 - INFO - Database connection closed.
2026-03-07 21:59:21,896 - INFO - Pipeline initialised — DB: market_intelligence.db
2026-03-07 21:59:21,897 - INFO - Collecting from database: D:\CMP\Data Science\Labs\Lab 3\src\Integrated Data Pipeline\scripts\library.db
2026-03-07 21:59:21,914 - INFO - Collected 50 valid records from database
2026-03-07 21:59:21,914 - INFO - Collecting from GitHub API: query='books python sports', per_page=20
2026-03-07 21:59:22,429 - INFO - Collected 6 valid records from API
2026-03-07 21:59:22,430 - INFO - Collecting from web — categories=None, resume=False, stop_after=None, max_pages_per_category=5
2026-03-07 21:59:23,202 - INFO - 'Sports_And_Games' page 1: 5 books collected
2026-03-07 21:59:23,824 - INFO - 'Travel' page 1: 11 books collected
2026-03-07 21:59:24,458 - INFO - 'Mystery' page 1: 20 books collected
2026-03-07 21:59:25,075 - INFO - 'Mystery' page 2: 12 books collected
2026-03-07 21:59:25,719 - INFO - 'Science_Fiction' page 1: 16 books collected
2026-03-07 21:59:26,339 - INFO - 'History' page 1: 18 books collected
2026-03-07 21:59:27,039 - INFO - 'Childrens' page 1: 20 books collected
2026-03-07 21:59:27,697 - INFO - 'Childrens' page 2: 9 books collected
2026-03-07 21:59:28,352 - INFO - 'Philosophy' page 1: 11 books collected
2026-03-07 21:59:28,363 - INFO - Total web records collected: 122
2026-03-07 21:59:28,366 - INFO - Running analysis...
2026-03-07 21:59:28,375 - INFO - Analysis complete.
2026-03-07 21:59:28,757 - INFO - Database connection closed.
2026-03-07 22:01:44,728 - INFO - Pipeline initialised — DB: market_intelligence.db
2026-03-07 22:01:44,729 - INFO - Collecting from database: D:\CMP\Data Science\Labs\Lab 3\src\Integrated Data Pipeline\scripts\library.db
2026-03-07 22:01:44,746 - INFO - Collected 50 valid records from database
2026-03-07 22:01:44,747 - INFO - Collecting from GitHub API: query='books python sports', per_page=20
2026-03-07 22:01:45,371 - INFO - Collected 6 valid records from API
2026-03-07 22:01:45,372 - INFO - Collecting from web — categories=None, resume=False, stop_after=None, max_pages_per_category=5
2026-03-07 22:01:46,044 - INFO - 'Sports_And_Games' page 1: 5 books collected
2026-03-07 22:01:46,678 - INFO - 'Travel' page 1: 11 books collected
2026-03-07 22:01:47,356 - INFO - 'Mystery' page 1: 20 books collected
2026-03-07 22:01:47,986 - INFO - 'Mystery' page 2: 12 books collected
2026-03-07 22:01:48,629 - INFO - 'Science_Fiction' page 1: 16 books collected
2026-03-07 22:01:49,295 - INFO - 'History' page 1: 18 books collected
2026-03-07 22:01:49,990 - INFO - 'Childrens' page 1: 20 books collected
2026-03-07 22:01:50,474 - INFO - 'Childrens' page 2: 9 books collected
2026-03-07 22:01:51,118 - INFO - 'Philosophy' page 1: 11 books collected
2026-03-07 22:01:51,128 - INFO - Total web records collected: 122
2026-03-07 22:01:51,130 - INFO - Running analysis...
2026-03-07 22:01:51,142 - INFO - Analysis complete.
2026-03-07 22:01:51,874 - INFO - Plots saved to plots/
2026-03-07 22:01:51,875 - INFO - Report generated at analysis.html
2026-03-07 22:01:51,896 - INFO - All data exported to 'exports/'
2026-03-07 22:01:51,900 - INFO - Database connection closed.
2026-03-07 22:08:11,791 - INFO - Pipeline initialised — DB: market_intelligence.db
2026-03-07 22:08:11,792 - INFO - Collecting from database: D:\CMP\Data Science\Labs\Lab 3\src\Integrated Data Pipeline\scripts\library.db
2026-03-07 22:08:11,808 - INFO - Collected 50 valid records from database
2026-03-07 22:08:11,809 - INFO - Collecting from GitHub API: query='books python sports', per_page=20
2026-03-07 22:08:12,406 - INFO - Collected 6 valid records from API
2026-03-07 22:08:12,407 - INFO - Collecting from web — categories=None, resume=False, stop_after=None, max_pages_per_category=5
2026-03-07 22:08:13,210 - INFO - 'Sports_And_Games' page 1: 5 books collected
2026-03-07 22:08:13,833 - INFO - 'Travel' page 1: 11 books collected
2026-03-07 22:08:14,477 - INFO - 'Mystery' page 1: 20 books collected
2026-03-07 22:08:15,093 - INFO - 'Mystery' page 2: 12 books collected
2026-03-07 22:08:15,721 - INFO - 'Science_Fiction' page 1: 16 books collected
2026-03-07 22:08:16,344 - INFO - 'History' page 1: 18 books collected
2026-03-07 22:08:16,971 - INFO - 'Childrens' page 1: 20 books collected
2026-03-07 22:08:17,442 - INFO - 'Childrens' page 2: 9 books collected
2026-03-07 22:08:18,076 - INFO - 'Philosophy' page 1: 11 books collected
2026-03-07 22:08:18,100 - INFO - Total web records collected: 122
2026-03-07 22:08:18,112 - INFO - Database connection closed.
2026-03-07 22:10:32,676 - INFO - Pipeline initialised — DB: market_intelligence.db
2026-03-07 22:10:32,677 - INFO - Collecting from database: D:\CMP\Data Science\Labs\Lab 3\src\Integrated Data Pipeline\scripts\library.db
2026-03-07 22:10:32,693 - INFO - Collected 50 valid records from database
2026-03-07 22:10:32,694 - INFO - Collecting from GitHub API: query='books python sports', per_page=20
2026-03-07 22:10:33,277 - INFO - Collected 6 valid records from API
2026-03-07 22:10:33,278 - INFO - Collecting from web — categories=None, resume=False, stop_after=None, max_pages_per_category=5
2026-03-07 22:10:34,012 - INFO - 'Sports_And_Games' page 1: 5 books collected
2026-03-07 22:10:34,644 - INFO - 'Travel' page 1: 11 books collected
2026-03-07 22:10:35,287 - INFO - 'Mystery' page 1: 20 books collected
2026-03-07 22:10:35,908 - INFO - 'Mystery' page 2: 12 books collected
2026-03-07 22:10:36,544 - INFO - 'Science_Fiction' page 1: 16 books collected
2026-03-07 22:10:37,170 - INFO - 'History' page 1: 18 books collected
2026-03-07 22:10:37,801 - INFO - 'Childrens' page 1: 20 books collected
2026-03-07 22:10:38,462 - INFO - 'Childrens' page 2: 9 books collected
2026-03-07 22:10:39,121 - INFO - 'Philosophy' page 1: 11 books collected
2026-03-07 22:10:39,131 - INFO - Total web records collected: 122
2026-03-07 22:10:39,133 - INFO - Database connection closed.
2026-03-07 22:12:51,572 - INFO - Pipeline initialised — DB: market_intelligence.db
2026-03-07 22:12:51,573 - INFO - Collecting from database: D:\CMP\Data Science\Labs\Lab 3\src\Integrated Data Pipeline\scripts\library.db
2026-03-07 22:12:51,590 - INFO - Collected 50 valid records from database
2026-03-07 22:12:51,591 - INFO - Collecting from GitHub API: query='books python sports', per_page=20
2026-03-07 22:12:52,128 - INFO - Collected 6 valid records from API
2026-03-07 22:12:52,129 - INFO - Collecting from web — categories=None, resume=False, stop_after=None, max_pages_per_category=5
2026-03-07 22:12:52,826 - INFO - 'Sports_And_Games' page 1: 5 books collected
2026-03-07 22:12:53,436 - INFO - 'Travel' page 1: 11 books collected
2026-03-07 22:12:54,076 - INFO - 'Mystery' page 1: 20 books collected
2026-03-07 22:12:54,712 - INFO - 'Mystery' page 2: 12 books collected
2026-03-07 22:12:55,345 - INFO - 'Science_Fiction' page 1: 16 books collected
2026-03-07 22:12:56,010 - INFO - 'History' page 1: 18 books collected
2026-03-07 22:12:56,639 - INFO - 'Childrens' page 1: 20 books collected
2026-03-07 22:12:57,269 - INFO - 'Childrens' page 2: 9 books collected
2026-03-07 22:12:57,885 - INFO - 'Philosophy' page 1: 11 books collected
2026-03-07 22:12:57,895 - INFO - Total web records collected: 122
2026-03-07 22:12:58,121 - INFO - Database connection closed.
2026-03-07 22:13:13,496 - INFO - Pipeline initialised — DB: market_intelligence.db
2026-03-07 22:13:13,497 - INFO - Collecting from database: D:\CMP\Data Science\Labs\Lab 3\src\Integrated Data Pipeline\scripts\library.db
2026-03-07 22:13:13,513 - INFO - Collected 50 valid records from database
2026-03-07 22:13:13,514 - INFO - Collecting from GitHub API: query='books python sports', per_page=20
2026-03-07 22:13:13,787 - INFO - Collected 6 valid records from API
2026-03-07 22:13:13,788 - INFO - Collecting from web — categories=None, resume=False, stop_after=None, max_pages_per_category=5
2026-03-07 22:13:14,569 - INFO - 'Sports_And_Games' page 1: 5 books collected
2026-03-07 22:13:15,255 - INFO - 'Travel' page 1: 11 books collected
2026-03-07 22:13:15,891 - INFO - 'Mystery' page 1: 20 books collected
2026-03-07 22:13:16,506 - INFO - 'Mystery' page 2: 12 books collected
2026-03-07 22:13:17,145 - INFO - 'Science_Fiction' page 1: 16 books collected
2026-03-07 22:13:17,794 - INFO - 'History' page 1: 18 books collected
2026-03-07 22:13:18,443 - INFO - 'Childrens' page 1: 20 books collected
2026-03-07 22:13:19,044 - INFO - 'Childrens' page 2: 9 books collected
2026-03-07 22:13:19,704 - INFO - 'Philosophy' page 1: 11 books collected
2026-03-07 22:13:19,716 - INFO - Total web records collected: 122
2026-03-07 22:13:20,264 - INFO - Database connection closed.
2026-03-07 22:13:48,093 - INFO - Pipeline initialised — DB: market_intelligence.db
2026-03-07 22:13:48,094 - INFO - Collecting from database: D:\CMP\Data Science\Labs\Lab 3\src\Integrated Data Pipeline\scripts\library.db
2026-03-07 22:13:48,115 - INFO - Collected 50 valid records from database
2026-03-07 22:13:48,117 - INFO - Collecting from GitHub API: query='books python sports', per_page=20
2026-03-07 22:13:48,390 - INFO - Collected 6 valid records from API
2026-03-07 22:13:48,393 - INFO - Collecting from web — categories=None, resume=False, stop_after=None, max_pages_per_category=5
2026-03-07 22:13:49,038 - INFO - 'Sports_And_Games' page 1: 5 books collected
2026-03-07 22:13:49,697 - INFO - 'Travel' page 1: 11 books collected
2026-03-07 22:13:50,317 - INFO - 'Mystery' page 1: 20 books collected
2026-03-07 22:13:50,953 - INFO - 'Mystery' page 2: 12 books collected
2026-03-07 22:13:51,592 - INFO - 'Science_Fiction' page 1: 16 books collected
2026-03-07 22:13:52,208 - INFO - 'History' page 1: 18 books collected
2026-03-07 22:13:52,883 - INFO - 'Childrens' page 1: 20 books collected
2026-03-07 22:13:53,537 - INFO - 'Childrens' page 2: 9 books collected
2026-03-07 22:13:54,146 - INFO - 'Philosophy' page 1: 11 books collected
2026-03-07 22:13:54,155 - INFO - Total web records collected: 122
2026-03-07 22:13:54,801 - INFO - Using categorical units to plot a list of strings that are all parsable as floats or dates. If these strings should be plotted as numbers, cast to the appropriate data type before plotting.
2026-03-07 22:13:54,806 - INFO - Using categorical units to plot a list of strings that are all parsable as floats or dates. If these strings should be plotted as numbers, cast to the appropriate data type before plotting.
2026-03-07 22:13:54,935 - INFO - Using categorical units to plot a list of strings that are all parsable as floats or dates. If these strings should be plotted as numbers, cast to the appropriate data type before plotting.
2026-03-07 22:13:54,940 - INFO - Using categorical units to plot a list of strings that are all parsable as floats or dates. If these strings should be plotted as numbers, cast to the appropriate data type before plotting.
2026-03-07 22:13:55,738 - INFO - All data exported to 'exports/'
2026-03-07 22:13:55,738 - INFO - Database connection closed.
2026-03-07 22:14:06,835 - INFO - Pipeline initialised — DB: market_intelligence.db
2026-03-07 22:14:06,836 - INFO - Collecting from database: D:\CMP\Data Science\Labs\Lab 3\src\Integrated Data Pipeline\scripts\library.db
2026-03-07 22:14:06,851 - INFO - Collected 50 valid records from database
2026-03-07 22:14:06,851 - INFO - Collecting from GitHub API: query='books python sports', per_page=20
2026-03-07 22:14:07,132 - INFO - Collected 6 valid records from API
2026-03-07 22:14:07,132 - INFO - Collecting from web — categories=None, resume=False, stop_after=None, max_pages_per_category=5
2026-03-07 22:14:07,816 - INFO - 'Sports_And_Games' page 1: 5 books collected
2026-03-07 22:14:08,458 - INFO - 'Travel' page 1: 11 books collected
2026-03-07 22:14:09,081 - INFO - 'Mystery' page 1: 20 books collected
2026-03-07 22:14:09,725 - INFO - 'Mystery' page 2: 12 books collected
2026-03-07 22:14:10,361 - INFO - 'Science_Fiction' page 1: 16 books collected
2026-03-07 22:14:10,979 - INFO - 'History' page 1: 18 books collected
2026-03-07 22:14:11,669 - INFO - 'Childrens' page 1: 20 books collected
2026-03-07 22:14:12,350 - INFO - 'Childrens' page 2: 9 books collected
2026-03-07 22:14:12,973 - INFO - 'Philosophy' page 1: 11 books collected
2026-03-07 22:14:12,983 - INFO - Total web records collected: 122
2026-03-07 22:14:13,497 - INFO - Using categorical units to plot a list of strings that are all parsable as floats or dates. If these strings should be plotted as numbers, cast to the appropriate data type before plotting.
2026-03-07 22:14:13,504 - INFO - Using categorical units to plot a list of strings that are all parsable as floats or dates. If these strings should be plotted as numbers, cast to the appropriate data type before plotting.
2026-03-07 22:14:13,702 - INFO - Using categorical units to plot a list of strings that are all parsable as floats or dates. If these strings should be plotted as numbers, cast to the appropriate data type before plotting.
2026-03-07 22:14:13,706 - INFO - Using categorical units to plot a list of strings that are all parsable as floats or dates. If these strings should be plotted as numbers, cast to the appropriate data type before plotting.
2026-03-07 22:14:14,320 - INFO - All data exported to 'exports/'
2026-03-07 22:14:14,321 - INFO - Database connection closed.
2026-03-07 22:15:02,711 - INFO - Pipeline initialised — DB: market_intelligence.db
2026-03-07 22:15:02,712 - INFO - Collecting from database: D:\CMP\Data Science\Labs\Lab 3\src\Integrated Data Pipeline\scripts\library.db
2026-03-07 22:15:02,727 - INFO - Collected 50 valid records from database
2026-03-07 22:15:02,728 - INFO - Collecting from GitHub API: query='books python sports', per_page=20
2026-03-07 22:15:03,311 - INFO - Collected 6 valid records from API
2026-03-07 22:15:03,313 - INFO - Collecting from web — categories=None, resume=False, stop_after=None, max_pages_per_category=5
2026-03-07 22:15:04,023 - INFO - 'Sports_And_Games' page 1: 5 books collected
2026-03-07 22:15:04,659 - INFO - 'Travel' page 1: 11 books collected
2026-03-07 22:15:05,283 - INFO - 'Mystery' page 1: 20 books collected
2026-03-07 22:15:05,924 - INFO - 'Mystery' page 2: 12 books collected
2026-03-07 22:15:06,563 - INFO - 'Science_Fiction' page 1: 16 books collected
2026-03-07 22:15:07,241 - INFO - 'History' page 1: 18 books collected
2026-03-07 22:15:07,895 - INFO - 'Childrens' page 1: 20 books collected
2026-03-07 22:15:08,389 - INFO - 'Childrens' page 2: 9 books collected
2026-03-07 22:15:09,017 - INFO - 'Philosophy' page 1: 11 books collected
2026-03-07 22:15:09,027 - INFO - Total web records collected: 122
2026-03-07 22:15:09,501 - INFO - Using categorical units to plot a list of strings that are all parsable as floats or dates. If these strings should be plotted as numbers, cast to the appropriate data type before plotting.
2026-03-07 22:15:09,506 - INFO - Using categorical units to plot a list of strings that are all parsable as floats or dates. If these strings should be plotted as numbers, cast to the appropriate data type before plotting.
2026-03-07 22:15:09,634 - INFO - Using categorical units to plot a list of strings that are all parsable as floats or dates. If these strings should be plotted as numbers, cast to the appropriate data type before plotting.
2026-03-07 22:15:09,640 - INFO - Using categorical units to plot a list of strings that are all parsable as floats or dates. If these strings should be plotted as numbers, cast to the appropriate data type before plotting.
2026-03-07 22:15:10,360 - INFO - All data exported to 'exports/'
2026-03-07 22:15:10,362 - INFO - Database connection closed.
